<?xml version="1.0" encoding="UTF-8"?>
<!-- Generated by org.testng.reporters.JUnitReportReporter -->
<testsuite hostname="DESKTOP-4E9IK45" failures="0" tests="1" name="TestNGEx2.test13" time="44.585" errors="0" timestamp="2022-09-18T18:09:41 IST" skipped="0">
  <testcase classname="TestNGEx2.test13" name="image" time="44.585"/>
  <system-out/>
</testsuite> <!-- TestNGEx2.test13 -->
