<?xml version="1.0" encoding="UTF-8"?>
<!-- Generated by org.testng.reporters.JUnitReportReporter -->
<testsuite hostname="DESKTOP-4E9IK45" failures="0" tests="4" name="TestNG.Test1" time="0.036" errors="0" timestamp="2022-09-18T17:36:25 IST" skipped="0">
  <testcase classname="TestNG.Test1" name="a" time="0.016"/>
  <system-out/>
  <testcase classname="TestNG.Test1" name="c" time="0.007"/>
  <system-out/>
  <testcase classname="TestNG.Test1" name="b" time="0.003"/>
  <system-out/>
  <testcase classname="TestNG.Test1" name="d" time="0.010"/>
  <system-out/>
</testsuite> <!-- TestNG.Test1 -->
