<?xml version="1.0" encoding="UTF-8"?>
<!-- Generated by org.testng.reporters.JUnitReportReporter -->
<testsuite hostname="DESKTOP-4E9IK45" failures="0" tests="1" name="FailedScrnShot.B_launchbrowser" time="54.644" errors="0" timestamp="2022-09-19T11:42:03 IST" skipped="0">
  <testcase classname="FailedScrnShot.B_launchbrowser" name="browser" time="54.644"/>
  <system-out/>
</testsuite> <!-- FailedScrnShot.B_launchbrowser -->
