<?xml version="1.0" encoding="UTF-8"?>
<!-- Generated by org.testng.reporters.JUnitReportReporter -->
<testsuite hostname="DESKTOP-4E9IK45" failures="0" tests="4" name="DataProvider.DataProviderRealEX" time="172.456" errors="0" timestamp="2022-09-20T14:02:55 IST" skipped="0">
  <testcase classname="DataProvider.DataProviderRealEX" name="login" time="31.370"/>
  <system-out/>
  <testcase classname="DataProvider.DataProviderRealEX" name="login" time="49.961"/>
  <system-out/>
  <testcase classname="DataProvider.DataProviderRealEX" name="login" time="39.127"/>
  <system-out/>
  <testcase classname="DataProvider.DataProviderRealEX" name="login" time="51.998"/>
  <system-out/>
</testsuite> <!-- DataProvider.DataProviderRealEX -->
