<?xml version="1.0" encoding="UTF-8"?>
<!-- Generated by org.testng.reporters.JUnitReportReporter -->
<testsuite hostname="DESKTOP-4E9IK45" failures="0" tests="1" name="TestNGExample.Test11" time="44.823" errors="0" timestamp="2022-09-18T13:23:56 IST" skipped="0">
  <testcase classname="TestNGExample.Test11" name="url" time="44.823"/>
  <system-out/>
</testsuite> <!-- TestNGExample.Test11 -->
