<?xml version="1.0" encoding="UTF-8"?>
<!-- Generated by org.testng.reporters.JUnitReportReporter -->
<testsuite hostname="DESKTOP-4E9IK45" failures="0" tests="1" name="TestNGEx2.Test12" time="23.276" errors="0" timestamp="2022-09-18T18:04:46 IST" skipped="0">
  <testcase classname="TestNGEx2.Test12" name="image" time="23.276"/>
  <system-out/>
</testsuite> <!-- TestNGEx2.Test12 -->
