<?xml version="1.0" encoding="UTF-8"?>
<!-- Generated by org.testng.reporters.JUnitReportReporter -->
<testsuite hostname="DESKTOP-4E9IK45" failures="0" tests="2" name="DataProvider.Demo" time="0.010" errors="0" timestamp="2022-09-20T11:08:12 IST" skipped="0">
  <testcase classname="DataProvider.Demo" name="login" time="0.008"/>
  <system-out/>
  <testcase classname="DataProvider.Demo" name="login" time="0.002"/>
  <system-out/>
</testsuite> <!-- DataProvider.Demo -->
