<?xml version="1.0" encoding="UTF-8"?>
<!-- Generated by org.testng.reporters.JUnitReportReporter -->
<testsuite hostname="DESKTOP-4E9IK45" failures="0" tests="3" name="TestNGEx2.Test14" time="0.001" errors="0" timestamp="2022-09-18T16:32:47 IST" skipped="3">
  <testcase classname="TestNGEx2.Test14" name="url" time="0.000">
    <skipped/>
  </testcase> <!-- url -->
  <system-out/>
  <testcase classname="TestNGEx2.Test14" name="Scrnshot" time="0.001">
    <skipped/>
  </testcase> <!-- Scrnshot -->
  <system-out/>
  <testcase classname="TestNGEx2.Test14" name="images" time="0.000">
    <skipped/>
  </testcase> <!-- images -->
  <system-out/>
</testsuite> <!-- TestNGEx2.Test14 -->
