<?xml version="1.0" encoding="UTF-8"?>
<!-- Generated by org.testng.reporters.JUnitReportReporter -->
<testsuite hostname="DESKTOP-4E9IK45" failures="0" tests="2" name="TestNG.Test2" time="0.021" errors="0" timestamp="2022-09-18T17:36:25 IST" skipped="0">
  <testcase classname="TestNG.Test2" name="e" time="0.016"/>
  <system-out/>
  <testcase classname="TestNG.Test2" name="f" time="0.005"/>
  <system-out/>
</testsuite> <!-- TestNG.Test2 -->
